c:\users\rex_p\desktop\denofevil\프레임워크\client\default\debug\frameworksmc.pch
c:\users\rex_p\desktop\denofevil\프레임워크\client\default\debug\vc140.pdb
c:\users\rex_p\desktop\denofevil\프레임워크\client\default\debug\vc140.idb
c:\users\rex_p\desktop\denofevil\프레임워크\client\default\debug\stdafx.obj
c:\users\rex_p\desktop\denofevil\프레임워크\client\default\debug\rctex.obj
c:\users\rex_p\desktop\denofevil\프레임워크\client\default\debug\renderer.obj
c:\users\rex_p\desktop\denofevil\프레임워크\client\default\debug\rendertarget.obj
c:\users\rex_p\desktop\denofevil\프레임워크\client\default\debug\rendertargetmgr.obj
c:\users\rex_p\desktop\denofevil\프레임워크\client\default\debug\resourcemgr.obj
c:\users\rex_p\desktop\denofevil\프레임워크\client\default\debug\resources.obj
c:\users\rex_p\desktop\denofevil\프레임워크\client\default\debug\scene.obj
c:\users\rex_p\desktop\denofevil\프레임워크\client\default\debug\shader.obj
c:\users\rex_p\desktop\denofevil\프레임워크\client\default\debug\shadermgr.obj
c:\users\rex_p\desktop\denofevil\프레임워크\client\default\debug\skybox.obj
c:\users\rex_p\desktop\denofevil\프레임워크\client\default\debug\stagescene.obj
c:\users\rex_p\desktop\denofevil\프레임워크\client\default\debug\staticcamera.obj
c:\users\rex_p\desktop\denofevil\프레임워크\client\default\debug\staticmesh.obj
c:\users\rex_p\desktop\denofevil\프레임워크\client\default\debug\terrain.obj
c:\users\rex_p\desktop\denofevil\프레임워크\client\default\debug\terraintex.obj
c:\users\rex_p\desktop\denofevil\프레임워크\client\default\debug\texture.obj
c:\users\rex_p\desktop\denofevil\프레임워크\client\default\debug\timemgr.obj
c:\users\rex_p\desktop\denofevil\프레임워크\client\default\debug\timer.obj
c:\users\rex_p\desktop\denofevil\프레임워크\client\default\debug\transform.obj
c:\users\rex_p\desktop\denofevil\프레임워크\client\default\debug\frameworksmc.obj
c:\users\rex_p\desktop\denofevil\프레임워크\client\default\debug\defaultobj.obj
c:\users\rex_p\desktop\denofevil\프레임워크\client\default\debug\dynamiccamera.obj
c:\users\rex_p\desktop\denofevil\프레임워크\client\default\debug\dynamicmesh.obj
c:\users\rex_p\desktop\denofevil\프레임워크\client\default\debug\font.obj
c:\users\rex_p\desktop\denofevil\프레임워크\client\default\debug\fontmgr.obj
c:\users\rex_p\desktop\denofevil\프레임워크\client\default\debug\frame.obj
c:\users\rex_p\desktop\denofevil\프레임워크\client\default\debug\framemgr.obj
c:\users\rex_p\desktop\denofevil\프레임워크\client\default\debug\frustum.obj
c:\users\rex_p\desktop\denofevil\프레임워크\client\default\debug\gameobject.obj
c:\users\rex_p\desktop\denofevil\프레임워크\client\default\debug\graphicdev.obj
c:\users\rex_p\desktop\denofevil\프레임워크\client\default\debug\input.obj
c:\users\rex_p\desktop\denofevil\프레임워크\client\default\debug\layer.obj
c:\users\rex_p\desktop\denofevil\프레임워크\client\default\debug\loading.obj
c:\users\rex_p\desktop\denofevil\프레임워크\client\default\debug\mainapp.obj
c:\users\rex_p\desktop\denofevil\프레임워크\client\default\debug\management.obj
c:\users\rex_p\desktop\denofevil\프레임워크\client\default\debug\mesh.obj
c:\users\rex_p\desktop\denofevil\프레임워크\client\default\debug\meshmgr.obj
c:\users\rex_p\desktop\denofevil\프레임워크\client\default\debug\navcell.obj
c:\users\rex_p\desktop\denofevil\프레임워크\client\default\debug\navmesh.obj
c:\users\rex_p\desktop\denofevil\프레임워크\client\default\debug\player.obj
c:\users\rex_p\desktop\denofevil\프레임워크\client\default\debug\animation.obj
c:\users\rex_p\desktop\denofevil\프레임워크\client\default\debug\animationinfo.obj
c:\users\rex_p\desktop\denofevil\프레임워크\client\default\debug\camera.obj
c:\users\rex_p\desktop\denofevil\프레임워크\client\default\debug\cameramgr.obj
c:\users\rex_p\desktop\denofevil\프레임워크\client\default\debug\collision.obj
c:\users\rex_p\desktop\denofevil\프레임워크\client\default\debug\component.obj
c:\users\rex_p\desktop\denofevil\프레임워크\client\default\debug\cubetex.obj
c:\users\rex_p\desktop\denofevil\프레임워크\client\bin\frameworksmc.ilk
c:\users\rex_p\desktop\denofevil\프레임워크\client\bin\frameworksmc.exe
c:\users\rex_p\desktop\denofevil\프레임워크\client\bin\frameworksmc.pdb
c:\users\rex_p\desktop\denofevil\프레임워크\client\default\debug\frameworksmc.res
c:\users\rex_p\desktop\denofevil\프레임워크\client\default\../bin/frameworksmc.exe
c:\users\rex_p\desktop\denofevil\프레임워크\client\default\debug\frameworksmc.tlog\cl.command.1.tlog
c:\users\rex_p\desktop\denofevil\프레임워크\client\default\debug\frameworksmc.tlog\cl.read.1.tlog
c:\users\rex_p\desktop\denofevil\프레임워크\client\default\debug\frameworksmc.tlog\cl.write.1.tlog
c:\users\rex_p\desktop\denofevil\프레임워크\client\default\debug\frameworksmc.tlog\link.command.1.tlog
c:\users\rex_p\desktop\denofevil\프레임워크\client\default\debug\frameworksmc.tlog\link.read.1.tlog
c:\users\rex_p\desktop\denofevil\프레임워크\client\default\debug\frameworksmc.tlog\link.write.1.tlog
c:\users\rex_p\desktop\denofevil\프레임워크\client\default\debug\frameworksmc.tlog\rc.command.1.tlog
c:\users\rex_p\desktop\denofevil\프레임워크\client\default\debug\frameworksmc.tlog\rc.read.1.tlog
c:\users\rex_p\desktop\denofevil\프레임워크\client\default\debug\frameworksmc.tlog\rc.write.1.tlog
