  stdafx.cpp
  FrameworkSMC.cpp
  Transform.cpp
  Timer.cpp
  TimeMgr.cpp
  Texture.cpp
  TerrainTex.cpp
  Terrain.cpp
  StaticMesh.cpp
  StaticCamera.cpp
  StageScene.cpp
  Skybox.cpp
  ShaderMgr.cpp
  Shader.cpp
  Scene.cpp
  Resources.cpp
  ResourceMgr.cpp
  RenderTargetMgr.cpp
  RenderTarget.cpp
  Renderer.cpp
  RcTex.cpp
  코드를 생성하고 있습니다...
  컴파일하고 있습니다...
  Player.cpp
  NavMesh.cpp
  NavCell.cpp
  MeshMgr.cpp
  Mesh.cpp
  Management.cpp
  MainApp.cpp
  Loading.cpp
  Layer.cpp
  Input.cpp
  GraphicDev.cpp
  GameObject.cpp
  Frustum.cpp
  FrameMgr.cpp
  Frame.cpp
  FontMgr.cpp
  Font.cpp
  DynamicMesh.cpp
  DynamicCamera.cpp
  DefaultObj.cpp
  코드를 생성하고 있습니다...
  컴파일하고 있습니다...
  CubeTex.cpp
  Component.cpp
  Collision.cpp
  CameraMgr.cpp
  Camera.cpp
  AnimationInfo.cpp
  Animation.cpp
  코드를 생성하고 있습니다...
directxtex.lib(BC.obj) : warning LNK4099: 'DirectXTex.pdb' PDB를 'directxtex.lib(BC.obj)' 또는 'C:\Users\rex_p\Desktop\DenofEvil\프레임워크\Client\bin\DirectXTex.pdb'에서 찾을 수 없습니다. 디버그 정보가 없는 것처럼 개체를 링크합니다.
directxtex.lib(BC4BC5.obj) : warning LNK4099: 'DirectXTex.pdb' PDB를 'directxtex.lib(BC4BC5.obj)' 또는 'C:\Users\rex_p\Desktop\DenofEvil\프레임워크\Client\bin\DirectXTex.pdb'에서 찾을 수 없습니다. 디버그 정보가 없는 것처럼 개체를 링크합니다.
directxtex.lib(BC6HBC7.obj) : warning LNK4099: 'DirectXTex.pdb' PDB를 'directxtex.lib(BC6HBC7.obj)' 또는 'C:\Users\rex_p\Desktop\DenofEvil\프레임워크\Client\bin\DirectXTex.pdb'에서 찾을 수 없습니다. 디버그 정보가 없는 것처럼 개체를 링크합니다.
directxtex.lib(DirectXTexCompress.obj) : warning LNK4099: 'DirectXTex.pdb' PDB를 'directxtex.lib(DirectXTexCompress.obj)' 또는 'C:\Users\rex_p\Desktop\DenofEvil\프레임워크\Client\bin\DirectXTex.pdb'에서 찾을 수 없습니다. 디버그 정보가 없는 것처럼 개체를 링크합니다.
directxtex.lib(DirectXTexConvert.obj) : warning LNK4099: 'DirectXTex.pdb' PDB를 'directxtex.lib(DirectXTexConvert.obj)' 또는 'C:\Users\rex_p\Desktop\DenofEvil\프레임워크\Client\bin\DirectXTex.pdb'에서 찾을 수 없습니다. 디버그 정보가 없는 것처럼 개체를 링크합니다.
directxtex.lib(DirectXTexD3D11.obj) : warning LNK4099: 'DirectXTex.pdb' PDB를 'directxtex.lib(DirectXTexD3D11.obj)' 또는 'C:\Users\rex_p\Desktop\DenofEvil\프레임워크\Client\bin\DirectXTex.pdb'에서 찾을 수 없습니다. 디버그 정보가 없는 것처럼 개체를 링크합니다.
directxtex.lib(DirectXTexDDS.obj) : warning LNK4099: 'DirectXTex.pdb' PDB를 'directxtex.lib(DirectXTexDDS.obj)' 또는 'C:\Users\rex_p\Desktop\DenofEvil\프레임워크\Client\bin\DirectXTex.pdb'에서 찾을 수 없습니다. 디버그 정보가 없는 것처럼 개체를 링크합니다.
directxtex.lib(DirectXTexImage.obj) : warning LNK4099: 'DirectXTex.pdb' PDB를 'directxtex.lib(DirectXTexImage.obj)' 또는 'C:\Users\rex_p\Desktop\DenofEvil\프레임워크\Client\bin\DirectXTex.pdb'에서 찾을 수 없습니다. 디버그 정보가 없는 것처럼 개체를 링크합니다.
directxtex.lib(DirectXTexMipMaps.obj) : warning LNK4099: 'DirectXTex.pdb' PDB를 'directxtex.lib(DirectXTexMipMaps.obj)' 또는 'C:\Users\rex_p\Desktop\DenofEvil\프레임워크\Client\bin\DirectXTex.pdb'에서 찾을 수 없습니다. 디버그 정보가 없는 것처럼 개체를 링크합니다.
directxtex.lib(DirectXTexTGA.obj) : warning LNK4099: 'DirectXTex.pdb' PDB를 'directxtex.lib(DirectXTexTGA.obj)' 또는 'C:\Users\rex_p\Desktop\DenofEvil\프레임워크\Client\bin\DirectXTex.pdb'에서 찾을 수 없습니다. 디버그 정보가 없는 것처럼 개체를 링크합니다.
directxtex.lib(DirectXTexUtil.obj) : warning LNK4099: 'DirectXTex.pdb' PDB를 'directxtex.lib(DirectXTexUtil.obj)' 또는 'C:\Users\rex_p\Desktop\DenofEvil\프레임워크\Client\bin\DirectXTex.pdb'에서 찾을 수 없습니다. 디버그 정보가 없는 것처럼 개체를 링크합니다.
  FrameworkSMC.vcxproj -> C:\Users\rex_p\Desktop\DenofEvil\프레임워크\Client\Default\../bin/FrameworkSMC.exe
