c:\users\rex_p\desktop\ㅅㅂ다렉으로바꾼다\client\default\release\frameworksmc.pch
c:\users\rex_p\desktop\ㅅㅂ다렉으로바꾼다\client\default\release\vc140.pdb
c:\users\rex_p\desktop\ㅅㅂ다렉으로바꾼다\client\default\release\stdafx.obj
c:\users\rex_p\desktop\ㅅㅂ다렉으로바꾼다\client\default\release\loading.obj
c:\users\rex_p\desktop\ㅅㅂ다렉으로바꾼다\client\default\release\layer.obj
c:\users\rex_p\desktop\ㅅㅂ다렉으로바꾼다\client\default\release\input.obj
c:\users\rex_p\desktop\ㅅㅂ다렉으로바꾼다\client\default\release\graphicdev.obj
c:\users\rex_p\desktop\ㅅㅂ다렉으로바꾼다\client\default\release\gameobject.obj
c:\users\rex_p\desktop\ㅅㅂ다렉으로바꾼다\client\default\release\frustum.obj
c:\users\rex_p\desktop\ㅅㅂ다렉으로바꾼다\client\default\release\framemgr.obj
c:\users\rex_p\desktop\ㅅㅂ다렉으로바꾼다\client\default\release\frame.obj
c:\users\rex_p\desktop\ㅅㅂ다렉으로바꾼다\client\default\release\fontmgr.obj
c:\users\rex_p\desktop\ㅅㅂ다렉으로바꾼다\client\default\release\font.obj
c:\users\rex_p\desktop\ㅅㅂ다렉으로바꾼다\client\default\release\dynamicmesh.obj
c:\users\rex_p\desktop\ㅅㅂ다렉으로바꾼다\client\default\release\dynamiccamera.obj
c:\users\rex_p\desktop\ㅅㅂ다렉으로바꾼다\client\default\release\defaultobj.obj
c:\users\rex_p\desktop\ㅅㅂ다렉으로바꾼다\client\default\release\cubetex.obj
c:\users\rex_p\desktop\ㅅㅂ다렉으로바꾼다\client\default\release\component.obj
c:\users\rex_p\desktop\ㅅㅂ다렉으로바꾼다\client\default\release\collision.obj
c:\users\rex_p\desktop\ㅅㅂ다렉으로바꾼다\client\default\release\cameramgr.obj
c:\users\rex_p\desktop\ㅅㅂ다렉으로바꾼다\client\default\release\camera.obj
c:\users\rex_p\desktop\ㅅㅂ다렉으로바꾼다\client\default\release\animationinfo.obj
c:\users\rex_p\desktop\ㅅㅂ다렉으로바꾼다\client\default\release\animation.obj
c:\users\rex_p\desktop\ㅅㅂ다렉으로바꾼다\client\default\release\staticmesh.obj
c:\users\rex_p\desktop\ㅅㅂ다렉으로바꾼다\client\default\release\staticcamera.obj
c:\users\rex_p\desktop\ㅅㅂ다렉으로바꾼다\client\default\release\stagescene.obj
c:\users\rex_p\desktop\ㅅㅂ다렉으로바꾼다\client\default\release\skybox.obj
c:\users\rex_p\desktop\ㅅㅂ다렉으로바꾼다\client\default\release\shadermgr.obj
c:\users\rex_p\desktop\ㅅㅂ다렉으로바꾼다\client\default\release\shader.obj
c:\users\rex_p\desktop\ㅅㅂ다렉으로바꾼다\client\default\release\scene.obj
c:\users\rex_p\desktop\ㅅㅂ다렉으로바꾼다\client\default\release\resources.obj
c:\users\rex_p\desktop\ㅅㅂ다렉으로바꾼다\client\default\release\resourcemgr.obj
c:\users\rex_p\desktop\ㅅㅂ다렉으로바꾼다\client\default\release\rendertargetmgr.obj
c:\users\rex_p\desktop\ㅅㅂ다렉으로바꾼다\client\default\release\rendertarget.obj
c:\users\rex_p\desktop\ㅅㅂ다렉으로바꾼다\client\default\release\renderer.obj
c:\users\rex_p\desktop\ㅅㅂ다렉으로바꾼다\client\default\release\rctex.obj
c:\users\rex_p\desktop\ㅅㅂ다렉으로바꾼다\client\default\release\player.obj
c:\users\rex_p\desktop\ㅅㅂ다렉으로바꾼다\client\default\release\navmesh.obj
c:\users\rex_p\desktop\ㅅㅂ다렉으로바꾼다\client\default\release\navcell.obj
c:\users\rex_p\desktop\ㅅㅂ다렉으로바꾼다\client\default\release\meshmgr.obj
c:\users\rex_p\desktop\ㅅㅂ다렉으로바꾼다\client\default\release\mesh.obj
c:\users\rex_p\desktop\ㅅㅂ다렉으로바꾼다\client\default\release\management.obj
c:\users\rex_p\desktop\ㅅㅂ다렉으로바꾼다\client\default\release\mainapp.obj
c:\users\rex_p\desktop\ㅅㅂ다렉으로바꾼다\client\default\release\frameworksmc.obj
c:\users\rex_p\desktop\ㅅㅂ다렉으로바꾼다\client\default\release\transform.obj
c:\users\rex_p\desktop\ㅅㅂ다렉으로바꾼다\client\default\release\timer.obj
c:\users\rex_p\desktop\ㅅㅂ다렉으로바꾼다\client\default\release\timemgr.obj
c:\users\rex_p\desktop\ㅅㅂ다렉으로바꾼다\client\default\release\texture.obj
c:\users\rex_p\desktop\ㅅㅂ다렉으로바꾼다\client\default\release\terraintex.obj
c:\users\rex_p\desktop\ㅅㅂ다렉으로바꾼다\client\default\release\terrain.obj
c:\users\rex_p\desktop\ㅅㅂ다렉으로바꾼다\client\bin\frameworksmc.exe
c:\users\rex_p\desktop\ㅅㅂ다렉으로바꾼다\client\bin\frameworksmc.ipdb
c:\users\rex_p\desktop\ㅅㅂ다렉으로바꾼다\client\bin\frameworksmc.iobj
c:\users\rex_p\desktop\ㅅㅂ다렉으로바꾼다\client\bin\frameworksmc.pdb
c:\users\rex_p\desktop\ㅅㅂ다렉으로바꾼다\client\default\release\frameworksmc.res
c:\users\rex_p\desktop\ㅅㅂ다렉으로바꾼다\client\default\release\blade.obj
c:\users\rex_p\desktop\ㅅㅂ다렉으로바꾼다\client\default\release\equipment.obj
c:\users\rex_p\desktop\ㅅㅂ다렉으로바꾼다\client\default\../bin/frameworksmc.exe
c:\users\rex_p\desktop\ㅅㅂ다렉으로바꾼다\client\default\release\frameworksmc.tlog\cl.command.1.tlog
c:\users\rex_p\desktop\ㅅㅂ다렉으로바꾼다\client\default\release\frameworksmc.tlog\cl.read.1.tlog
c:\users\rex_p\desktop\ㅅㅂ다렉으로바꾼다\client\default\release\frameworksmc.tlog\cl.write.1.tlog
c:\users\rex_p\desktop\ㅅㅂ다렉으로바꾼다\client\default\release\frameworksmc.tlog\link.command.1.tlog
c:\users\rex_p\desktop\ㅅㅂ다렉으로바꾼다\client\default\release\frameworksmc.tlog\link.read.1.tlog
c:\users\rex_p\desktop\ㅅㅂ다렉으로바꾼다\client\default\release\frameworksmc.tlog\link.write.1.tlog
c:\users\rex_p\desktop\ㅅㅂ다렉으로바꾼다\client\default\release\frameworksmc.tlog\rc.command.1.tlog
c:\users\rex_p\desktop\ㅅㅂ다렉으로바꾼다\client\default\release\frameworksmc.tlog\rc.read.1.tlog
c:\users\rex_p\desktop\ㅅㅂ다렉으로바꾼다\client\default\release\frameworksmc.tlog\rc.write.1.tlog
